#
# A fatal error has been detected by the Java Runtime Environment:
#
#  Internal Error (generateOopMap.cpp:2164), pid=22200, tid=17076
#  fatal error: Illegal class file encountered. Try running with -Xverify:all in method main
#
# JRE version: OpenJDK Runtime Environment (16.0.2+7) (build 16.0.2+7-67)
# Java VM: OpenJDK 64-Bit Server VM (16.0.2+7-67, mixed mode, tiered, compressed oops, compressed class ptrs, g1 gc, windows-amd64)
# No core dump will be written. Minidumps are not enabled by default on client versions of Windows
#
# If you would like to submit a bug report, please visit:
#   https://bugreport.java.com/bugreport/crash.jsp
#

---------------  S U M M A R Y ------------

Command Line: -XX:+ShowCodeDetailsInExceptionMessages -agentlib:jdwp=transport=dt_socket,suspend=y,address=localhost:53196 -javaagent:C:\Users\LENOVO\Downloads\eclipse\configuration\org.eclipse.osgi\222\0\.cp\lib\javaagent-shaded.jar -Dfile.encoding=Cp1252 Flipkart Input\Input.xlsx

Host: 11th Gen Intel(R) Core(TM) i5-1135G7 @ 2.40GHz, 8 cores, 7G,  Windows 10 , 64 bit Build 19041 (10.0.19041.1202)
Time: Sun Sep 19 22:20:58 2021 India Standard Time elapsed time: 252.218919 seconds (0d 0h 4m 12s)

---------------  T H R E A D  ---------------

Current thread (0x000001f5b86eefb0):  VMThread "VM Thread" [stack: 0x00000080aa400000,0x00000080aa500000] [id=17076]

Stack: [0x00000080aa400000,0x00000080aa500000]
Native frames: (J=compiled Java code, j=interpreted, Vv=VM code, C=native code)
V  [jvm.dll+0x6681ca]
V  [jvm.dll+0x7c9e69]
V  [jvm.dll+0x7cb61e]
V  [jvm.dll+0x7cbc27]
V  [jvm.dll+0x2429b3]
V  [jvm.dll+0x330cf9]
V  [jvm.dll+0x32daa4]
V  [jvm.dll+0x32cc8b]
V  [jvm.dll+0x32c037]
V  [jvm.dll+0x656cce]
V  [jvm.dll+0x6569d3]
V  [jvm.dll+0x61c1e8]
V  [jvm.dll+0x7c18f5]
V  [jvm.dll+0x520446]
V  [jvm.dll+0x7d00ab]
V  [jvm.dll+0x7d0da4]
V  [jvm.dll+0x7d12a9]
V  [jvm.dll+0x7d1564]
V  [jvm.dll+0x7d1630]
V  [jvm.dll+0x7795aa]
V  [jvm.dll+0x667066]
C  [ucrtbase.dll+0x21bb2]
C  [KERNEL32.DLL+0x17034]
C  [ntdll.dll+0x52651]

VM_Operation (0x00000080aafff370): get/set locals, mode: safepoint, requested by thread 0x000001f5b9365010


---------------  P R O C E S S  ---------------

Threads class SMR info:
_java_thread_list=0x000001f5bf51c1f0, length=20, elements={
0x000001f59e9d8bf0, 0x000001f5b86ef720, 0x000001f5b872a490, 0x000001f5b904d5c0,
0x000001f5b9053ff0, 0x000001f5b90549f0, 0x000001f5b9055c00, 0x000001f5b9059e30,
0x000001f5b9062c80, 0x000001f5b90652e0, 0x000001f5b91dbfc0, 0x000001f5b9365010,
0x000001f5b930e7c0, 0x000001f5b9313e40, 0x000001f5b9ccebf0, 0x000001f5bcafde90,
0x000001f5bc369010, 0x000001f5bc5af020, 0x000001f5be009ef0, 0x000001f5bc7fef30
}

Java Threads: ( => current thread )
  0x000001f59e9d8bf0 JavaThread "main" [_thread_blocked, id=6204, stack(0x00000080a9e00000,0x00000080a9f00000)]
  0x000001f5b86ef720 JavaThread "Reference Handler" daemon [_thread_blocked, id=12204, stack(0x00000080aa500000,0x00000080aa600000)]
  0x000001f5b872a490 JavaThread "Finalizer" daemon [_thread_blocked, id=3788, stack(0x00000080aa600000,0x00000080aa700000)]
  0x000001f5b904d5c0 JavaThread "Signal Dispatcher" daemon [_thread_blocked, id=28352, stack(0x00000080aa700000,0x00000080aa800000)]
  0x000001f5b9053ff0 JavaThread "Attach Listener" daemon [_thread_blocked, id=13212, stack(0x00000080aa800000,0x00000080aa900000)]
  0x000001f5b90549f0 JavaThread "Service Thread" daemon [_thread_blocked, id=1316, stack(0x00000080aa900000,0x00000080aaa00000)]
  0x000001f5b9055c00 JavaThread "Monitor Deflation Thread" daemon [_thread_blocked, id=15708, stack(0x00000080aaa00000,0x00000080aab00000)]
  0x000001f5b9059e30 JavaThread "C2 CompilerThread0" daemon [_thread_blocked, id=26324, stack(0x00000080aab00000,0x00000080aac00000)]
  0x000001f5b9062c80 JavaThread "C1 CompilerThread0" daemon [_thread_blocked, id=19552, stack(0x00000080aac00000,0x00000080aad00000)]
  0x000001f5b90652e0 JavaThread "Sweeper thread" daemon [_thread_blocked, id=21076, stack(0x00000080aad00000,0x00000080aae00000)]
  0x000001f5b91dbfc0 JavaThread "Common-Cleaner" daemon [_thread_blocked, id=9684, stack(0x00000080aae00000,0x00000080aaf00000)]
  0x000001f5b9365010 JavaThread "JDWP Transport Listener: dt_socket" daemon [_thread_blocked, id=17752, stack(0x00000080aaf00000,0x00000080ab000000)]
  0x000001f5b930e7c0 JavaThread "JDWP Event Helper Thread" daemon [_thread_blocked, id=12944, stack(0x00000080ab000000,0x00000080ab100000)]
  0x000001f5b9313e40 JavaThread "JDWP Command Reader" daemon [_thread_in_native, id=27932, stack(0x00000080ab100000,0x00000080ab200000)]
  0x000001f5b9ccebf0 JavaThread "Notification Thread" daemon [_thread_blocked, id=22404, stack(0x00000080ab300000,0x00000080ab400000)]
  0x000001f5bcafde90 JavaThread "Exec Default Executor" daemon [_thread_in_native, id=21668, stack(0x00000080abe00000,0x00000080abf00000)]
  0x000001f5bc369010 JavaThread "Exec Stream Pumper" daemon [_thread_in_native, id=27684, stack(0x00000080ac100000,0x00000080ac200000)]
  0x000001f5bc5af020 JavaThread "Exec Stream Pumper" daemon [_thread_in_native, id=2132, stack(0x00000080ac200000,0x00000080ac300000)]
  0x000001f5be009ef0 JavaThread "OkHttp ConnectionPool" daemon [_thread_blocked, id=26116, stack(0x00000080ac400000,0x00000080ac500000)]
  0x000001f5bc7fef30 JavaThread "Okio Watchdog" daemon [_thread_blocked, id=28940, stack(0x00000080ac500000,0x00000080ac600000)]

Other Threads:
=>0x000001f5b86eefb0 VMThread "VM Thread" [stack: 0x00000080aa400000,0x00000080aa500000] [id=17076]
  0x000001f5b9ccf110 WatcherThread [stack: 0x00000080ab400000,0x00000080ab500000] [id=19356]
  0x000001f59ea16670 GCTaskThread "GC Thread#0" [stack: 0x00000080a9f00000,0x00000080aa000000] [id=19304]
  0x000001f5bae45410 GCTaskThread "GC Thread#1" [stack: 0x00000080ab600000,0x00000080ab700000] [id=15352]
  0x000001f5b9f33cb0 GCTaskThread "GC Thread#2" [stack: 0x00000080ab700000,0x00000080ab800000] [id=7892]
  0x000001f5bae390d0 GCTaskThread "GC Thread#3" [stack: 0x00000080ab800000,0x00000080ab900000] [id=22324]
  0x000001f5bac356b0 GCTaskThread "GC Thread#4" [stack: 0x00000080ab900000,0x00000080aba00000] [id=26220]
  0x000001f5ba014140 GCTaskThread "GC Thread#5" [stack: 0x00000080aba00000,0x00000080abb00000] [id=13436]
  0x000001f5bb2d9ca0 GCTaskThread "GC Thread#6" [stack: 0x00000080abb00000,0x00000080abc00000] [id=26640]
  0x000001f5bb86c6e0 GCTaskThread "GC Thread#7" [stack: 0x00000080abc00000,0x00000080abd00000] [id=23652]
  0x000001f59ea28580 ConcurrentGCThread "G1 Main Marker" [stack: 0x00000080aa000000,0x00000080aa100000] [id=4000]
  0x000001f59ea29810 ConcurrentGCThread "G1 Conc#0" [stack: 0x00000080aa100000,0x00000080aa200000] [id=25440]
  0x000001f5be033c80 ConcurrentGCThread "G1 Conc#1" [stack: 0x00000080abd00000,0x00000080abe00000] [id=29676]
  0x000001f59ea9d1a0 ConcurrentGCThread "G1 Refine#0" [stack: 0x00000080aa200000,0x00000080aa300000] [id=23148]
  0x000001f59ea9dca0 ConcurrentGCThread "G1 Service" [stack: 0x00000080aa300000,0x00000080aa400000] [id=22000]

Threads with active compile tasks:

VM state: at safepoint (normal execution)

VM Mutex/Monitor currently owned by a thread:  ([mutex/lock_event])
[0x000001f59e9d5700] Threads_lock - owner thread: 0x000001f5b86eefb0

Heap address: 0x0000000083200000, size: 1998 MB, Compressed Oops mode: 32-bit

CDS disabled.
Compressed class space mapped at: 0x0000000100000000-0x0000000140000000, reserved size: 1073741824
Narrow klass base: 0x0000000000000000, Narrow klass shift: 3, Narrow klass range: 0x140000000

GC Precious Log:
 CPUs: 8 total, 8 available
 Memory: 7991M
 Large Page Support: Disabled
 NUMA Support: Disabled
 Compressed Oops: Enabled (32-bit)
 Heap Region Size: 1M
 Heap Min Capacity: 8M
 Heap Initial Capacity: 126M
 Heap Max Capacity: 1998M
 Pre-touch: Disabled
 Parallel Workers: 8
 Concurrent Workers: 2
 Concurrent Refinement Workers: 8
 Periodic GC: Disabled

Heap:
 garbage-first heap   total 55296K, used 20063K [0x0000000083200000, 0x0000000100000000)
  region size 1024K, 5 young (5120K), 1 survivors (1024K)
 Metaspace       used 28014K, committed 28224K, reserved 1081344K
  class space    used 2977K, committed 3072K, reserved 1048576K

Heap Regions: E=young(eden), S=young(survivor), O=old, HS=humongous(starts), HC=humongous(continues), CS=collection set, F=free, OA=open archive, CA=closed archive, TAMS=top-at-mark-start (previous, next)
|   0|0x0000000083200000, 0x0000000083300000, 0x0000000083300000|100%|HS|  |TAMS 0x0000000083300000, 0x0000000083200000| Complete 
|   1|0x0000000083300000, 0x0000000083400000, 0x0000000083400000|100%|HC|  |TAMS 0x0000000083400000, 0x0000000083300000| Complete 
|   2|0x0000000083400000, 0x0000000083500000, 0x0000000083500000|100%|HC|  |TAMS 0x0000000083500000, 0x0000000083400000| Complete 
|   3|0x0000000083500000, 0x0000000083600000, 0x0000000083600000|100%|HS|  |TAMS 0x0000000083600000, 0x0000000083500000| Complete 
|   4|0x0000000083600000, 0x0000000083700000, 0x0000000083700000|100%| O|  |TAMS 0x0000000083700000, 0x0000000083600000| Untracked 
|   5|0x0000000083700000, 0x0000000083800000, 0x0000000083800000|100%| O|  |TAMS 0x0000000083800000, 0x0000000083700000| Untracked 
|   6|0x0000000083800000, 0x0000000083900000, 0x0000000083900000|100%| O|  |TAMS 0x0000000083900000, 0x0000000083800000| Untracked 
|   7|0x0000000083900000, 0x0000000083a00000, 0x0000000083a00000|100%| O|  |TAMS 0x0000000083a00000, 0x0000000083900000| Untracked 
|   8|0x0000000083a00000, 0x0000000083b00000, 0x0000000083b00000|100%| O|  |TAMS 0x0000000083b00000, 0x0000000083a00000| Untracked 
|   9|0x0000000083b00000, 0x0000000083c00000, 0x0000000083c00000|100%| O|  |TAMS 0x0000000083c00000, 0x0000000083b00000| Untracked 
|  10|0x0000000083c00000, 0x0000000083c3c800, 0x0000000083d00000| 23%| O|  |TAMS 0x0000000083c3c800, 0x0000000083c00000| Untracked 
|  11|0x0000000083d00000, 0x0000000083e00000, 0x0000000083e00000|100%| O|  |TAMS 0x0000000083d00000, 0x0000000083d00000| Untracked 
|  12|0x0000000083e00000, 0x0000000083f00000, 0x0000000083f00000|100%| O|  |TAMS 0x0000000083e00000, 0x0000000083e00000| Untracked 
|  13|0x0000000083f00000, 0x0000000084000000, 0x0000000084000000|100%| O|  |TAMS 0x0000000083f00000, 0x0000000083f00000| Untracked 
|  14|0x0000000084000000, 0x0000000084100000, 0x0000000084100000|100%| O|  |TAMS 0x0000000084000000, 0x0000000084000000| Untracked 
|  15|0x0000000084100000, 0x0000000084200000, 0x0000000084200000|100%| O|  |TAMS 0x0000000084100000, 0x0000000084100000| Untracked 
|  16|0x0000000084200000, 0x0000000084286a00, 0x0000000084300000| 52%| O|  |TAMS 0x0000000084200000, 0x0000000084200000| Untracked 
|  17|0x0000000084300000, 0x0000000084300000, 0x0000000084400000|  0%| F|  |TAMS 0x0000000084300000, 0x0000000084300000| Untracked 
|  18|0x0000000084400000, 0x0000000084400000, 0x0000000084500000|  0%| F|  |TAMS 0x0000000084400000, 0x0000000084400000| Untracked 
|  19|0x0000000084500000, 0x0000000084500000, 0x0000000084600000|  0%| F|  |TAMS 0x0000000084500000, 0x0000000084500000| Untracked 
|  20|0x0000000084600000, 0x0000000084600000, 0x0000000084700000|  0%| F|  |TAMS 0x0000000084600000, 0x0000000084600000| Untracked 
|  21|0x0000000084700000, 0x0000000084700000, 0x0000000084800000|  0%| F|  |TAMS 0x0000000084700000, 0x0000000084700000| Untracked 
|  22|0x0000000084800000, 0x0000000084800000, 0x0000000084900000|  0%| F|  |TAMS 0x0000000084800000, 0x0000000084800000| Untracked 
|  23|0x0000000084900000, 0x0000000084900000, 0x0000000084a00000|  0%| F|  |TAMS 0x0000000084900000, 0x0000000084900000| Untracked 
|  24|0x0000000084a00000, 0x0000000084a00000, 0x0000000084b00000|  0%| F|  |TAMS 0x0000000084a00000, 0x0000000084a00000| Untracked 
|  25|0x0000000084b00000, 0x0000000084b00000, 0x0000000084c00000|  0%| F|  |TAMS 0x0000000084b00000, 0x0000000084b00000| Untracked 
|  26|0x0000000084c00000, 0x0000000084c00000, 0x0000000084d00000|  0%| F|  |TAMS 0x0000000084c00000, 0x0000000084c00000| Untracked 
|  27|0x0000000084d00000, 0x0000000084d00000, 0x0000000084e00000|  0%| F|  |TAMS 0x0000000084d00000, 0x0000000084d00000| Untracked 
|  28|0x0000000084e00000, 0x0000000084e00000, 0x0000000084f00000|  0%| F|  |TAMS 0x0000000084e00000, 0x0000000084e00000| Untracked 
|  29|0x0000000084f00000, 0x0000000084f00000, 0x0000000085000000|  0%| F|  |TAMS 0x0000000084f00000, 0x0000000084f00000| Untracked 
|  30|0x0000000085000000, 0x0000000085000000, 0x0000000085100000|  0%| F|  |TAMS 0x0000000085000000, 0x0000000085000000| Untracked 
|  31|0x0000000085100000, 0x0000000085100000, 0x0000000085200000|  0%| F|  |TAMS 0x0000000085100000, 0x0000000085100000| Untracked 
|  32|0x0000000085200000, 0x00000000852d4ac0, 0x0000000085300000| 83%| S|CS|TAMS 0x0000000085200000, 0x0000000085200000| Complete 
|  33|0x0000000085300000, 0x0000000085300000, 0x0000000085400000|  0%| F|  |TAMS 0x0000000085300000, 0x0000000085300000| Untracked 
|  34|0x0000000085400000, 0x0000000085400000, 0x0000000085500000|  0%| F|  |TAMS 0x0000000085400000, 0x0000000085400000| Untracked 
|  35|0x0000000085500000, 0x0000000085500000, 0x0000000085600000|  0%| F|  |TAMS 0x0000000085500000, 0x0000000085500000| Untracked 
|  36|0x0000000085600000, 0x0000000085600000, 0x0000000085700000|  0%| F|  |TAMS 0x0000000085600000, 0x0000000085600000| Untracked 
|  37|0x0000000085700000, 0x0000000085700000, 0x0000000085800000|  0%| F|  |TAMS 0x0000000085700000, 0x0000000085700000| Untracked 
|  38|0x0000000085800000, 0x0000000085800000, 0x0000000085900000|  0%| F|  |TAMS 0x0000000085800000, 0x0000000085800000| Untracked 
|  39|0x0000000085900000, 0x0000000085900000, 0x0000000085a00000|  0%| F|  |TAMS 0x0000000085900000, 0x0000000085900000| Untracked 
|  40|0x0000000085a00000, 0x0000000085a00000, 0x0000000085b00000|  0%| F|  |TAMS 0x0000000085a00000, 0x0000000085a00000| Untracked 
|  41|0x0000000085b00000, 0x0000000085b00000, 0x0000000085c00000|  0%| F|  |TAMS 0x0000000085b00000, 0x0000000085b00000| Untracked 
|  42|0x0000000085c00000, 0x0000000085c00000, 0x0000000085d00000|  0%| F|  |TAMS 0x0000000085c00000, 0x0000000085c00000| Untracked 
|  43|0x0000000085d00000, 0x0000000085d00000, 0x0000000085e00000|  0%| F|  |TAMS 0x0000000085d00000, 0x0000000085d00000| Untracked 
|  44|0x0000000085e00000, 0x0000000085e00000, 0x0000000085f00000|  0%| F|  |TAMS 0x0000000085e00000, 0x0000000085e00000| Untracked 
|  45|0x0000000085f00000, 0x0000000085f00000, 0x0000000086000000|  0%| F|  |TAMS 0x0000000085f00000, 0x0000000085f00000| Untracked 
|  46|0x0000000086000000, 0x0000000086000000, 0x0000000086100000|  0%| F|  |TAMS 0x0000000086000000, 0x0000000086000000| Untracked 
|  47|0x0000000086100000, 0x0000000086100000, 0x0000000086200000|  0%| F|  |TAMS 0x0000000086100000, 0x0000000086100000| Untracked 
|  48|0x0000000086200000, 0x0000000086200000, 0x0000000086300000|  0%| F|  |TAMS 0x0000000086200000, 0x0000000086200000| Untracked 
|  86|0x0000000088800000, 0x0000000088800000, 0x0000000088900000|  0%| F|  |TAMS 0x0000000088800000, 0x0000000088800000| Untracked 
|  87|0x0000000088900000, 0x00000000889ba2d8, 0x0000000088a00000| 72%| E|  |TAMS 0x0000000088900000, 0x0000000088900000| Complete 
|  88|0x0000000088a00000, 0x0000000088b00000, 0x0000000088b00000|100%| E|CS|TAMS 0x0000000088a00000, 0x0000000088a00000| Complete 
|  89|0x0000000088b00000, 0x0000000088c00000, 0x0000000088c00000|100%| E|CS|TAMS 0x0000000088b00000, 0x0000000088b00000| Complete 
| 125|0x000000008af00000, 0x000000008b000000, 0x000000008b000000|100%| E|CS|TAMS 0x000000008af00000, 0x000000008af00000| Complete 

Card table byte_map: [0x000001f5b1660000,0x000001f5b1a50000] _byte_map_base: 0x000001f5b1247000

Marking Bits (Prev, Next): (CMBitMap*) 0x000001f59ea16da0, (CMBitMap*) 0x000001f59ea16d60
 Prev Bits: [0x000001f5b3d80000, 0x000001f5b5cb8000)
 Next Bits: [0x000001f5b1e40000, 0x000001f5b3d78000)

Polling page: 0x000001f59c900000

Metaspace:

Usage:
  Non-class:     24.45 MB used.
      Class:      2.91 MB used.
       Both:     27.36 MB used.

Virtual space:
  Non-class space:       32.00 MB reserved,      24.56 MB ( 77%) committed,  4 nodes.
      Class space:        1.00 GB reserved,       3.00 MB ( <1%) committed,  1 nodes.
              Both:        1.03 GB reserved,      27.56 MB (  3%) committed. 

Chunk freelists:
   Non-Class:  2.95 MB
       Class:  870.00 KB
        Both:  3.80 MB

MaxMetaspaceSize: 17179869184.00 GB
CompressedClassSpaceSize: 1.00 GB
 - commit_granule_bytes: 65536.
 - commit_granule_words: 8192.
 - virtual_space_node_default_size: 1048576.
 - enlarge_chunks_in_place: 1.
 - new_chunks_are_fully_committed: 0.
 - uncommit_free_chunks: 1.
 - use_allocation_guard: 0.
 - handle_deallocations: 1.


Internal statistics:

num_allocs_failed_limit: 3.
num_arena_births: 154.
num_arena_deaths: 0.
num_vsnodes_births: 5.
num_vsnodes_deaths: 0.
num_space_committed: 441.
num_space_uncommitted: 0.
num_chunks_returned_to_freelist: 3.
num_chunks_taken_from_freelist: 655.
num_chunk_merges: 3.
num_chunk_splits: 438.
num_chunks_enlarged: 345.
num_purges: 0.

CodeHeap 'non-profiled nmethods': size=120000Kb used=1712Kb max_used=1712Kb free=118287Kb
 bounds [0x000001f5a9a10000, 0x000001f5a9c80000, 0x000001f5b0f40000]
CodeHeap 'profiled nmethods': size=120000Kb used=4944Kb max_used=4944Kb free=115056Kb
 bounds [0x000001f5a24e0000, 0x000001f5a29c0000, 0x000001f5a9a10000]
CodeHeap 'non-nmethods': size=5760Kb used=1306Kb max_used=1400Kb free=4453Kb
 bounds [0x000001f5a1f40000, 0x000001f5a21b0000, 0x000001f5a24e0000]
 total_blobs=2948 nmethods=2424 adapters=436
 compilation: enabled
              stopped_count=0, restarted_count=0
 full_count=0

Compilation events (20 events):
Event: 24.990 Thread 0x000001f5b9062c80 2421       3       okio.Buffer::completeSegmentByteCount (53 bytes)
Event: 24.991 Thread 0x000001f5b9062c80 nmethod 2421 0x000001f5a29ac490 code [0x000001f5a29ac640, 0x000001f5a29ac858]
Event: 25.004 Thread 0x000001f5b9062c80 2422       3       org.openqa.selenium.json.JsonInput::expect (174 bytes)
Event: 25.006 Thread 0x000001f5b9062c80 nmethod 2422 0x000001f5a29ac990 code [0x000001f5a29acde0, 0x000001f5a29ae908]
Event: 25.006 Thread 0x000001f5b9062c80 2423   !   3       org.openqa.selenium.json.JsonOutput::getMethod (68 bytes)
Event: 25.008 Thread 0x000001f5b9062c80 nmethod 2423 0x000001f5a29af290 code [0x000001f5a29af540, 0x000001f5a29aff58]
Event: 25.008 Thread 0x000001f5b9062c80 2424       3       java.net.URI$Parser::scan (41 bytes)
Event: 25.011 Thread 0x000001f5b9062c80 nmethod 2424 0x000001f5a29b0410 code [0x000001f5a29b0660, 0x000001f5a29b0fd8]
Event: 25.011 Thread 0x000001f5b9062c80 2425       3       okio.RealBufferedSink::writeUtf8 (31 bytes)
Event: 25.011 Thread 0x000001f5b9062c80 nmethod 2425 0x000001f5a29b1490 code [0x000001f5a29b1680, 0x000001f5a29b1ac8]
Event: 25.011 Thread 0x000001f5b9062c80 2426       3       okio.Buffer::writeUtf8 (11 bytes)
Event: 25.012 Thread 0x000001f5b9062c80 nmethod 2426 0x000001f5a29b1d10 code [0x000001f5a29b1ec0, 0x000001f5a29b2128]
Event: 25.070 Thread 0x000001f5b9062c80 2427       3       com.google.common.base.Ascii::isUpperCase (18 bytes)
Event: 25.071 Thread 0x000001f5b9062c80 nmethod 2427 0x000001f5a29b2290 code [0x000001f5a29b2420, 0x000001f5a29b2598]
Event: 25.071 Thread 0x000001f5b9062c80 2428       3       java.text.DecimalFormatSymbols::findNonFormatChar (25 bytes)
Event: 25.071 Thread 0x000001f5b9062c80 nmethod 2428 0x000001f5a29b2610 code [0x000001f5a29b2820, 0x000001f5a29b2f88]
Event: 25.071 Thread 0x000001f5b9062c80 2429       3       java.util.stream.IntPipeline::filter (22 bytes)
Event: 25.072 Thread 0x000001f5b9062c80 nmethod 2429 0x000001f5a29b3210 code [0x000001f5a29b3400, 0x000001f5a29b3918]
Event: 37.167 Thread 0x000001f5b9062c80 2430       3       jdk.internal.misc.InnocuousThread::eraseThreadLocals (23 bytes)
Event: 37.168 Thread 0x000001f5b9062c80 nmethod 2430 0x000001f5a29b3b90 code [0x000001f5a29b3d40, 0x000001f5a29b3f38]

GC Heap History (10 events):
Event: 12.006 GC heap before
{Heap before GC invocations=0 (full 0):
 garbage-first heap   total 129024K, used 27648K [0x0000000083200000, 0x0000000100000000)
  region size 1024K, 23 young (23552K), 0 survivors (0K)
 Metaspace       used 10531K, committed 10688K, reserved 1064960K
  class space    used 878K, committed 960K, reserved 1048576K
}
Event: 12.010 GC heap after
{Heap after GC invocations=1 (full 0):
 garbage-first heap   total 129024K, used 10225K [0x0000000083200000, 0x0000000100000000)
  region size 1024K, 3 young (3072K), 3 survivors (3072K)
 Metaspace       used 10531K, committed 10688K, reserved 1064960K
  class space    used 878K, committed 960K, reserved 1048576K
}
Event: 12.404 GC heap before
{Heap before GC invocations=1 (full 0):
 garbage-first heap   total 129024K, used 39921K [0x0000000083200000, 0x0000000100000000)
  region size 1024K, 32 young (32768K), 3 survivors (3072K)
 Metaspace       used 16463K, committed 16640K, reserved 1064960K
  class space    used 1512K, committed 1600K, reserved 1048576K
}
Event: 12.410 GC heap after
{Heap after GC invocations=2 (full 0):
 garbage-first heap   total 129024K, used 12597K [0x0000000083200000, 0x0000000100000000)
  region size 1024K, 3 young (3072K), 3 survivors (3072K)
 Metaspace       used 16463K, committed 16640K, reserved 1064960K
  class space    used 1512K, committed 1600K, reserved 1048576K
}
Event: 12.811 GC heap before
{Heap before GC invocations=2 (full 0):
 garbage-first heap   total 129024K, used 45365K [0x0000000083200000, 0x0000000100000000)
  region size 1024K, 36 young (36864K), 3 survivors (3072K)
 Metaspace       used 21101K, committed 21248K, reserved 1073152K
  class space    used 2091K, committed 2176K, reserved 1048576K
}
Event: 12.816 GC heap after
{Heap after GC invocations=3 (full 0):
 garbage-first heap   total 129024K, used 14498K [0x0000000083200000, 0x0000000100000000)
  region size 1024K, 4 young (4096K), 4 survivors (4096K)
 Metaspace       used 21101K, committed 21248K, reserved 1073152K
  class space    used 2091K, committed 2176K, reserved 1048576K
}
Event: 13.368 GC heap before
{Heap before GC invocations=4 (full 0):
 garbage-first heap   total 55296K, used 42146K [0x0000000083200000, 0x0000000100000000)
  region size 1024K, 32 young (32768K), 4 survivors (4096K)
 Metaspace       used 25257K, committed 25472K, reserved 1073152K
  class space    used 2617K, committed 2688K, reserved 1048576K
}
Event: 13.384 GC heap after
{Heap after GC invocations=5 (full 0):
 garbage-first heap   total 55296K, used 16310K [0x0000000083200000, 0x0000000100000000)
  region size 1024K, 2 young (2048K), 2 survivors (2048K)
 Metaspace       used 25257K, committed 25472K, reserved 1073152K
  class space    used 2617K, committed 2688K, reserved 1048576K
}
Event: 37.160 GC heap before
{Heap before GC invocations=5 (full 0):
 garbage-first heap   total 55296K, used 36790K [0x0000000083200000, 0x0000000100000000)
  region size 1024K, 23 young (23552K), 2 survivors (2048K)
 Metaspace       used 27871K, committed 28096K, reserved 1081344K
  class space    used 2958K, committed 3072K, reserved 1048576K
}
Event: 37.167 GC heap after
{Heap after GC invocations=6 (full 0):
 garbage-first heap   total 55296K, used 16991K [0x0000000083200000, 0x0000000100000000)
  region size 1024K, 1 young (1024K), 1 survivors (1024K)
 Metaspace       used 27871K, committed 28096K, reserved 1081344K
  class space    used 2958K, committed 3072K, reserved 1048576K
}

Deoptimization events (20 events):
Event: 14.316 Thread 0x000001f59e9d8bf0 Uncommon trap: trap_request=0xffffffde fr.pc=0x000001f5a9b6bc00 relative=0x00000000000006a0
Event: 14.316 Thread 0x000001f59e9d8bf0 Uncommon trap: reason=class_check action=maybe_recompile pc=0x000001f5a9b6bc00 method=org.openqa.selenium.json.Input.init()V @ 18 c2
Event: 14.316 Thread 0x000001f59e9d8bf0 DEOPT PACKING pc=0x000001f5a9b6bc00 sp=0x00000080a9efdf30
Event: 14.316 Thread 0x000001f59e9d8bf0 DEOPT UNPACKING pc=0x000001f5a1f8f92e sp=0x00000080a9efdf28 mode 2
Event: 14.316 Thread 0x000001f59e9d8bf0 Uncommon trap: trap_request=0xffffffde fr.pc=0x000001f5a9b6bc00 relative=0x00000000000006a0
Event: 14.316 Thread 0x000001f59e9d8bf0 Uncommon trap: reason=class_check action=maybe_recompile pc=0x000001f5a9b6bc00 method=org.openqa.selenium.json.Input.init()V @ 18 c2
Event: 14.316 Thread 0x000001f59e9d8bf0 DEOPT PACKING pc=0x000001f5a9b6bc00 sp=0x00000080a9efdf30
Event: 14.316 Thread 0x000001f59e9d8bf0 DEOPT UNPACKING pc=0x000001f5a1f8f92e sp=0x00000080a9efdf28 mode 2
Event: 14.340 Thread 0x000001f59e9d8bf0 Uncommon trap: trap_request=0xffffffde fr.pc=0x000001f5a9b54ad8 relative=0x0000000000000938
Event: 14.340 Thread 0x000001f59e9d8bf0 Uncommon trap: reason=class_check action=maybe_recompile pc=0x000001f5a9b54ad8 method=java.util.HashMap.putVal(ILjava/lang/Object;Ljava/lang/Object;ZZ)Ljava/lang/Object; @ 253 c2
Event: 14.340 Thread 0x000001f59e9d8bf0 DEOPT PACKING pc=0x000001f5a9b54ad8 sp=0x00000080a9efe5f0
Event: 14.340 Thread 0x000001f59e9d8bf0 DEOPT UNPACKING pc=0x000001f5a1f8f92e sp=0x00000080a9efe590 mode 2
Event: 22.613 Thread 0x000001f59e9d8bf0 Uncommon trap: trap_request=0xffffff45 fr.pc=0x000001f5a9a1f1c0 relative=0x0000000000000040
Event: 22.613 Thread 0x000001f59e9d8bf0 Uncommon trap: reason=unstable_if action=reinterpret pc=0x000001f5a9a1f1c0 method=java.lang.StringLatin1.canEncode(I)Z @ 4 c2
Event: 22.613 Thread 0x000001f59e9d8bf0 DEOPT PACKING pc=0x000001f5a9a1f1c0 sp=0x00000080a9efe6b0
Event: 22.613 Thread 0x000001f59e9d8bf0 DEOPT UNPACKING pc=0x000001f5a1f8f92e sp=0x00000080a9efe650 mode 2
Event: 22.620 Thread 0x000001f59e9d8bf0 Uncommon trap: trap_request=0xffffff45 fr.pc=0x000001f5a9a7dc2c relative=0x000000000000038c
Event: 22.620 Thread 0x000001f59e9d8bf0 Uncommon trap: reason=unstable_if action=reinterpret pc=0x000001f5a9a7dc2c method=java.lang.AbstractStringBuilder.isLatin1()Z @ 10 c2
Event: 22.620 Thread 0x000001f59e9d8bf0 DEOPT PACKING pc=0x000001f5a9a7dc2c sp=0x00000080a9efefb0
Event: 22.620 Thread 0x000001f59e9d8bf0 DEOPT UNPACKING pc=0x000001f5a1f8f92e sp=0x00000080a9efef40 mode 2

Classes unloaded (0 events):
No events

Classes redefined (3 events):
Event: 108.231 Thread 0x000001f5b86eefb0 redefined class name=Flipkart, count=1
Event: 229.683 Thread 0x000001f5b86eefb0 redefined class name=Flipkart, count=2
Event: 239.137 Thread 0x000001f5b86eefb0 redefined class name=Flipkart, count=3

Internal exceptions (20 events):
Event: 13.125 Thread 0x000001f5bb3f6970 Exception <a 'java/net/ConnectException'{0x000000008502d518}: Connection refused: no further information> (0x000000008502d518) 
thrown [t:\workspace\open\src\hotspot\share\prims\jni.cpp, line 600]
Event: 13.125 Thread 0x000001f5bb3f6970 Exception <a 'java/net/SocketException'{0x000000008502d850}: Socket is not connected: shutdown> (0x000000008502d850) 
thrown [t:\workspace\open\src\hotspot\share\prims\jni.cpp, line 600]
Event: 13.216 Thread 0x000001f59e9d8bf0 Exception <a 'java/lang/NoSuchMethodError'{0x0000000084e71208}: 'java.lang.Object java.lang.invoke.DirectMethodHandle$Holder.invokeInterface(java.lang.Object, java.lang.Object, java.lang.Object)'> (0x0000000084e71208) 
thrown [t:\workspace\open\src\hotspot\share\interpreter\linkResolver.cpp, line 790]
Event: 13.217 Thread 0x000001f59e9d8bf0 Exception <a 'java/lang/IncompatibleClassChangeError'{0x0000000084e74cc0}: Found class java.lang.Object, but interface was expected> (0x0000000084e74cc0) 
thrown [t:\workspace\open\src\hotspot\share\interpreter\linkResolver.cpp, line 857]
Event: 13.219 Thread 0x000001f59e9d8bf0 Exception <a 'java/lang/NoSuchMethodError'{0x0000000084e79718}: 'int java.lang.invoke.DirectMethodHandle$Holder.invokeSpecial(java.lang.Object, java.lang.Object, java.lang.Object)'> (0x0000000084e79718) 
thrown [t:\workspace\open\src\hotspot\share\interpreter\linkResolver.cpp, line 790]
Event: 13.220 Thread 0x000001f59e9d8bf0 Exception <a 'java/lang/NoSuchMethodError'{0x0000000084e7fe40}: 'int java.lang.invoke.DirectMethodHandle$Holder.invokeSpecialIFC(java.lang.Object, java.lang.Object, java.lang.Object, java.lang.Object)'> (0x0000000084e7fe40) 
thrown [t:\workspace\open\src\hotspot\share\interpreter\linkResolver.cpp, line 790]
Event: 13.222 Thread 0x000001f59e9d8bf0 Exception <a 'java/lang/NoSuchMethodError'{0x0000000084e880b0}: 'java.lang.Object java.lang.invoke.DirectMethodHandle$Holder.invokeInterface(java.lang.Object, java.lang.Object, java.lang.Object, java.lang.Object)'> (0x0000000084e880b0) 
thrown [t:\workspace\open\src\hotspot\share\interpreter\linkResolver.cpp, line 790]
Event: 13.230 Thread 0x000001f59e9d8bf0 Exception <a 'java/lang/NoSuchMethodError'{0x0000000084ed2558}: 'java.lang.Object java.lang.invoke.DirectMethodHandle$Holder.invokeVirtual(java.lang.Object, java.lang.Object, java.lang.Object)'> (0x0000000084ed2558) 
thrown [t:\workspace\open\src\hotspot\share\interpreter\linkResolver.cpp, line 790]
Event: 13.268 Thread 0x000001f59e9d8bf0 Exception <a 'java/lang/NoSuchMethodError'{0x0000000084b1f158}: 'int java.lang.invoke.DirectMethodHandle$Holder.invokeVirtual(java.lang.Object, java.lang.Object)'> (0x0000000084b1f158) 
thrown [t:\workspace\open\src\hotspot\share\interpreter\linkResolver.cpp, line 790]
Event: 13.270 Thread 0x000001f59e9d8bf0 Exception <a 'java/lang/NoSuchMethodError'{0x0000000084b25548}: 'double java.lang.invoke.DirectMethodHandle$Holder.invokeVirtual(java.lang.Object, java.lang.Object)'> (0x0000000084b25548) 
thrown [t:\workspace\open\src\hotspot\share\interpreter\linkResolver.cpp, line 790]
Event: 13.271 Thread 0x000001f59e9d8bf0 Exception <a 'java/lang/NoSuchMethodError'{0x0000000084b2bc88}: 'float java.lang.invoke.DirectMethodHandle$Holder.invokeVirtual(java.lang.Object, java.lang.Object)'> (0x0000000084b2bc88) 
thrown [t:\workspace\open\src\hotspot\share\interpreter\linkResolver.cpp, line 790]
Event: 13.273 Thread 0x000001f59e9d8bf0 Exception <a 'java/lang/NoSuchMethodError'{0x0000000084b34d08}: 'long java.lang.invoke.DirectMethodHandle$Holder.invokeVirtual(java.lang.Object, java.lang.Object)'> (0x0000000084b34d08) 
thrown [t:\workspace\open\src\hotspot\share\interpreter\linkResolver.cpp, line 790]
Event: 13.280 Thread 0x000001f59e9d8bf0 Exception <a 'java/lang/NoSuchMethodError'{0x0000000084b94ce0}: 'void java.lang.invoke.DirectMethodHandle$Holder.invokeStatic(java.lang.Object, java.lang.Object, java.lang.Object)'> (0x0000000084b94ce0) 
thrown [t:\workspace\open\src\hotspot\share\interpreter\linkResolver.cpp, line 790]
Event: 13.396 Thread 0x000001f59e9d8bf0 Exception <a 'java/lang/NoSuchMethodError'{0x000000008af8f158}: 'java.lang.Object java.lang.invoke.DirectMethodHandle$Holder.newInvokeSpecial(java.lang.Object, java.lang.Object, java.lang.Object, java.lang.Object, java.lang.Object)'> (0x000000008af8f158) 
thrown [t:\workspace\open\src\hotspot\share\interpreter\linkResolver.cpp, line 790]
Event: 13.441 Thread 0x000001f59e9d8bf0 Exception <a 'java/lang/NoSuchMethodError'{0x0000000088a9c740}: 'java.lang.Object java.lang.invoke.Invokers$Holder.invokeExact_MT(java.lang.Object, java.lang.Object, java.lang.Object, java.lang.Object, java.lang.Object, java.lang.Object)'> (0x0000000088a9c740) 
thrown [t:\workspace\open\src\hotspot\share\interpreter\linkResolver.cpp, line 790]
Event: 13.534 Thread 0x000001f59e9d8bf0 Exception <a 'java/lang/NoSuchMethodError'{0x0000000085cccb08}: 'void java.lang.invoke.DirectMethodHandle$Holder.invokeStatic(java.lang.Object, java.lang.Object, java.lang.Object, java.lang.Object)'> (0x0000000085cccb08) 
thrown [t:\workspace\open\src\hotspot\share\interpreter\linkResolver.cpp, line 790]
Event: 14.326 Thread 0x000001f59e9d8bf0 Exception <a 'java/lang/NoSuchMethodError'{0x00000000858fad48}: 'java.lang.Object java.lang.invoke.DirectMethodHandle$Holder.invokeSpecialIFC(java.lang.Object, java.lang.Object, java.lang.Object)'> (0x00000000858fad48) 
thrown [t:\workspace\open\src\hotspot\share\interpreter\linkResolver.cpp, line 790]
Event: 14.370 Thread 0x000001f59e9d8bf0 Exception <a 'java/lang/ClassNotFoundException'{0x00000000857990c0}: sun/util/logging/resources/spi/loggingProvider> (0x00000000857990c0) 
thrown [t:\workspace\open\src\hotspot\share\classfile\systemDictionary.cpp, line 256]
Event: 22.617 Thread 0x000001f59e9d8bf0 Exception <a 'java/lang/NoSuchMethodError'{0x000000008548dee0}: 'java.lang.Object java.lang.invoke.DirectMethodHandle$Holder.invokeSpecialIFC(java.lang.Object, java.lang.Object)'> (0x000000008548dee0) 
thrown [t:\workspace\open\src\hotspot\share\interpreter\linkResolver.cpp, line 790]
Event: 22.619 Thread 0x000001f59e9d8bf0 Exception <a 'java/lang/NoSuchMethodError'{0x00000000854945c8}: 'void java.lang.invoke.DirectMethodHandle$Holder.invokeSpecial(java.lang.Object, java.lang.Object, int)'> (0x00000000854945c8) 
thrown [t:\workspace\open\src\hotspot\share\interpreter\linkResolver.cpp, line 790]

Events (20 events):
Event: 241.350 Executing  VM operation: get receiver done
Event: 241.351 Executing  VM operation: get receiver
Event: 241.351 Executing  VM operation: get receiver done
Event: 241.351 Executing  VM operation: ChangeSingleStep
Event: 241.351 Executing  VM operation: ChangeSingleStep done
Event: 241.351 Executing  VM operation: ChangeSingleStep
Event: 241.351 Executing  VM operation: ChangeSingleStep done
Event: 241.352 Executing  VM operation: ChangeSingleStep
Event: 241.352 Executing  VM operation: ChangeSingleStep done
Event: 241.353 Executing  VM operation: ChangeSingleStep
Event: 241.353 Executing  VM operation: ChangeSingleStep done
Event: 241.355 Executing  VM operation: get/set locals
Event: 241.355 Executing  VM operation: get/set locals done
Event: 241.356 Executing  VM operation: get receiver
Event: 241.356 Executing  VM operation: get receiver done
Event: 241.356 Executing  VM operation: ChangeSingleStep
Event: 241.356 Executing  VM operation: ChangeSingleStep done
Event: 241.356 Executing  VM operation: ChangeSingleStep
Event: 241.356 Executing  VM operation: ChangeSingleStep done
Event: 252.214 Executing  VM operation: get/set locals


Dynamic libraries:
0x00007ff6c6c90000 - 0x00007ff6c6c9e000 	C:\Users\LENOVO\Downloads\eclipse\plugins\org.eclipse.justj.openjdk.hotspot.jre.full.win32.x86_64_16.0.2.v20210721-1149\jre\bin\javaw.exe
0x00007ffb49890000 - 0x00007ffb49a85000 	C:\WINDOWS\SYSTEM32\ntdll.dll
0x00007ffb47af0000 - 0x00007ffb47bae000 	C:\WINDOWS\System32\KERNEL32.DLL
0x00007ffb47610000 - 0x00007ffb478d9000 	C:\WINDOWS\System32\KERNELBASE.dll
0x00007ffb44500000 - 0x00007ffb44590000 	C:\WINDOWS\SYSTEM32\apphelp.dll
0x00007ffb474c0000 - 0x00007ffb475c0000 	C:\WINDOWS\System32\ucrtbase.dll
0x00007ffb3bb80000 - 0x00007ffb3bb98000 	C:\Users\LENOVO\Downloads\eclipse\plugins\org.eclipse.justj.openjdk.hotspot.jre.full.win32.x86_64_16.0.2.v20210721-1149\jre\bin\jli.dll
0x00007ffb37ba0000 - 0x00007ffb37bb9000 	C:\Users\LENOVO\Downloads\eclipse\plugins\org.eclipse.justj.openjdk.hotspot.jre.full.win32.x86_64_16.0.2.v20210721-1149\jre\bin\VCRUNTIME140.dll
0x00007ffb48610000 - 0x00007ffb487b1000 	C:\WINDOWS\System32\USER32.dll
0x00007ffb472e0000 - 0x00007ffb47302000 	C:\WINDOWS\System32\win32u.dll
0x00007ffb2c370000 - 0x00007ffb2c60a000 	C:\WINDOWS\WinSxS\amd64_microsoft.windows.common-controls_6595b64144ccf1df_6.0.19041.1110_none_60b5254171f9507e\COMCTL32.dll
0x00007ffb487c0000 - 0x00007ffb487eb000 	C:\WINDOWS\System32\GDI32.dll
0x00007ffb49390000 - 0x00007ffb4942e000 	C:\WINDOWS\System32\msvcrt.dll
0x00007ffb47140000 - 0x00007ffb4724b000 	C:\WINDOWS\System32\gdi32full.dll
0x00007ffb47420000 - 0x00007ffb474bd000 	C:\WINDOWS\System32\msvcp_win.dll
0x00007ffb47990000 - 0x00007ffb479c0000 	C:\WINDOWS\System32\IMM32.DLL
0x00007ffb43b30000 - 0x00007ffb43b3c000 	C:\Users\LENOVO\Downloads\eclipse\plugins\org.eclipse.justj.openjdk.hotspot.jre.full.win32.x86_64_16.0.2.v20210721-1149\jre\bin\vcruntime140_1.dll
0x00007ffb1f0c0000 - 0x00007ffb1f151000 	C:\Users\LENOVO\Downloads\eclipse\plugins\org.eclipse.justj.openjdk.hotspot.jre.full.win32.x86_64_16.0.2.v20210721-1149\jre\bin\msvcp140.dll
0x00007ffaef640000 - 0x00007ffaf01eb000 	C:\Users\LENOVO\Downloads\eclipse\plugins\org.eclipse.justj.openjdk.hotspot.jre.full.win32.x86_64_16.0.2.v20210721-1149\jre\bin\server\jvm.dll
0x00007ffb47c90000 - 0x00007ffb47d3c000 	C:\WINDOWS\System32\ADVAPI32.dll
0x00007ffb47d50000 - 0x00007ffb47deb000 	C:\WINDOWS\System32\sechost.dll
0x00007ffb49430000 - 0x00007ffb4955a000 	C:\WINDOWS\System32\RPCRT4.dll
0x00007ffb49560000 - 0x00007ffb49568000 	C:\WINDOWS\System32\PSAPI.DLL
0x00007ffb2ed20000 - 0x00007ffb2ed29000 	C:\WINDOWS\SYSTEM32\WSOCK32.dll
0x00007ffb31670000 - 0x00007ffb31697000 	C:\WINDOWS\SYSTEM32\WINMM.dll
0x00007ffb3ba50000 - 0x00007ffb3ba5a000 	C:\WINDOWS\SYSTEM32\VERSION.dll
0x00007ffb49210000 - 0x00007ffb4927b000 	C:\WINDOWS\System32\WS2_32.dll
0x00007ffb45880000 - 0x00007ffb45892000 	C:\WINDOWS\SYSTEM32\kernel.appcore.dll
0x00007ffb44810000 - 0x00007ffb4481a000 	C:\Users\LENOVO\Downloads\eclipse\plugins\org.eclipse.justj.openjdk.hotspot.jre.full.win32.x86_64_16.0.2.v20210721-1149\jre\bin\jimage.dll
0x00007ffb44e80000 - 0x00007ffb45064000 	C:\WINDOWS\SYSTEM32\DBGHELP.DLL
0x00007ffb3c520000 - 0x00007ffb3c54c000 	C:\WINDOWS\SYSTEM32\dbgcore.DLL
0x00007ffb47250000 - 0x00007ffb472d3000 	C:\WINDOWS\System32\bcryptPrimitives.dll
0x00007ffb3a520000 - 0x00007ffb3a55b000 	C:\Users\LENOVO\Downloads\eclipse\plugins\org.eclipse.justj.openjdk.hotspot.jre.full.win32.x86_64_16.0.2.v20210721-1149\jre\bin\jdwp.dll
0x00007ffb3a070000 - 0x00007ffb3a07e000 	C:\Users\LENOVO\Downloads\eclipse\plugins\org.eclipse.justj.openjdk.hotspot.jre.full.win32.x86_64_16.0.2.v20210721-1149\jre\bin\instrument.dll
0x00007ffb3a6a0000 - 0x00007ffb3a6c5000 	C:\Users\LENOVO\Downloads\eclipse\plugins\org.eclipse.justj.openjdk.hotspot.jre.full.win32.x86_64_16.0.2.v20210721-1149\jre\bin\java.dll
0x00007ffb3a680000 - 0x00007ffb3a698000 	C:\Users\LENOVO\Downloads\eclipse\plugins\org.eclipse.justj.openjdk.hotspot.jre.full.win32.x86_64_16.0.2.v20210721-1149\jre\bin\zip.dll
0x00007ffb47df0000 - 0x00007ffb4852f000 	C:\WINDOWS\System32\SHELL32.dll
0x00007ffb45090000 - 0x00007ffb45820000 	C:\WINDOWS\SYSTEM32\windows.storage.dll
0x00007ffb48eb0000 - 0x00007ffb49205000 	C:\WINDOWS\System32\combase.dll
0x00007ffb46a00000 - 0x00007ffb46a2c000 	C:\WINDOWS\SYSTEM32\Wldp.dll
0x00007ffb478e0000 - 0x00007ffb4798e000 	C:\WINDOWS\System32\SHCORE.dll
0x00007ffb49330000 - 0x00007ffb49385000 	C:\WINDOWS\System32\shlwapi.dll
0x00007ffb46ef0000 - 0x00007ffb46f0f000 	C:\WINDOWS\SYSTEM32\profapi.dll
0x00007ffb37ec0000 - 0x00007ffb37ecc000 	C:\Users\LENOVO\Downloads\eclipse\plugins\org.eclipse.justj.openjdk.hotspot.jre.full.win32.x86_64_16.0.2.v20210721-1149\jre\bin\dt_socket.dll
0x00007ffb463e0000 - 0x00007ffb4641b000 	C:\WINDOWS\SYSTEM32\IPHLPAPI.DLL
0x00007ffb46710000 - 0x00007ffb4677a000 	C:\WINDOWS\system32\mswsock.dll
0x00007ffb46420000 - 0x00007ffb464ec000 	C:\WINDOWS\SYSTEM32\DNSAPI.dll
0x00007ffb48930000 - 0x00007ffb48938000 	C:\WINDOWS\System32\NSI.dll
0x00007ffb36d20000 - 0x00007ffb36d2a000 	C:\Windows\System32\rasadhlp.dll
0x00007ffb36730000 - 0x00007ffb367af000 	C:\WINDOWS\System32\fwpuclnt.dll
0x00007ffb46fb0000 - 0x00007ffb46fd7000 	C:\WINDOWS\System32\bcrypt.dll
0x00007ffb44890000 - 0x00007ffb448a9000 	C:\Users\LENOVO\Downloads\eclipse\plugins\org.eclipse.justj.openjdk.hotspot.jre.full.win32.x86_64_16.0.2.v20210721-1149\jre\bin\net.dll
0x00007ffb3b8f0000 - 0x00007ffb3b9f8000 	C:\WINDOWS\SYSTEM32\WINHTTP.dll
0x00007ffb44870000 - 0x00007ffb44883000 	C:\Users\LENOVO\Downloads\eclipse\plugins\org.eclipse.justj.openjdk.hotspot.jre.full.win32.x86_64_16.0.2.v20210721-1149\jre\bin\nio.dll
0x00007ffb44860000 - 0x00007ffb44870000 	C:\Users\LENOVO\Downloads\eclipse\plugins\org.eclipse.justj.openjdk.hotspot.jre.full.win32.x86_64_16.0.2.v20210721-1149\jre\bin\verify.dll
0x00007ffb43b40000 - 0x00007ffb43b4e000 	C:\Users\LENOVO\Downloads\eclipse\plugins\org.eclipse.justj.openjdk.hotspot.jre.full.win32.x86_64_16.0.2.v20210721-1149\jre\bin\sunmscapi.dll
0x00007ffb46fe0000 - 0x00007ffb47136000 	C:\WINDOWS\System32\CRYPT32.dll
0x00007ffb46a70000 - 0x00007ffb46a97000 	C:\WINDOWS\SYSTEM32\ncrypt.dll
0x00007ffb46a30000 - 0x00007ffb46a6b000 	C:\WINDOWS\SYSTEM32\NTASN1.dll
0x00007ffb46950000 - 0x00007ffb46968000 	C:\WINDOWS\SYSTEM32\CRYPTSP.dll
0x00007ffb46010000 - 0x00007ffb46044000 	C:\WINDOWS\system32\rsaenh.dll
0x00007ffb46e70000 - 0x00007ffb46e9e000 	C:\WINDOWS\SYSTEM32\USERENV.dll
0x00007ffb46970000 - 0x00007ffb4697c000 	C:\WINDOWS\SYSTEM32\CRYPTBASE.dll
0x00007ffb36d50000 - 0x00007ffb36d67000 	C:\WINDOWS\SYSTEM32\dhcpcsvc6.DLL
0x00007ffb36f20000 - 0x00007ffb36f3d000 	C:\WINDOWS\SYSTEM32\dhcpcsvc.DLL

dbghelp: loaded successfully - version: 4.0.5 - missing functions: none
symbol engine: initialized successfully - sym options: 0x614 - pdb path: .;C:\Users\LENOVO\Downloads\eclipse\plugins\org.eclipse.justj.openjdk.hotspot.jre.full.win32.x86_64_16.0.2.v20210721-1149\jre\bin;C:\WINDOWS\SYSTEM32;C:\WINDOWS\WinSxS\amd64_microsoft.windows.common-controls_6595b64144ccf1df_6.0.19041.1110_none_60b5254171f9507e;C:\Users\LENOVO\Downloads\eclipse\plugins\org.eclipse.justj.openjdk.hotspot.jre.full.win32.x86_64_16.0.2.v20210721-1149\jre\bin\server

VM Arguments:
jvm_args: -XX:+ShowCodeDetailsInExceptionMessages -agentlib:jdwp=transport=dt_socket,suspend=y,address=localhost:53196 -javaagent:C:\Users\LENOVO\Downloads\eclipse\configuration\org.eclipse.osgi\222\0\.cp\lib\javaagent-shaded.jar -Dfile.encoding=Cp1252 
java_command: Flipkart Input\Input.xlsx
java_class_path (initial): D:\Flipkart1\Flipkart\target\test-classes;D:\Flipkart1\Flipkart\target\classes;C:\Users\LENOVO\.m2\repository\org\seleniumhq\selenium\selenium-java\3.141.59\selenium-java-3.141.59.jar;C:\Users\LENOVO\.m2\repository\org\seleniumhq\selenium\selenium-api\3.141.59\selenium-api-3.141.59.jar;C:\Users\LENOVO\.m2\repository\org\seleniumhq\selenium\selenium-chrome-driver\3.141.59\selenium-chrome-driver-3.141.59.jar;C:\Users\LENOVO\.m2\repository\org\seleniumhq\selenium\selenium-edge-driver\3.141.59\selenium-edge-driver-3.141.59.jar;C:\Users\LENOVO\.m2\repository\org\seleniumhq\selenium\selenium-firefox-driver\3.141.59\selenium-firefox-driver-3.141.59.jar;C:\Users\LENOVO\.m2\repository\org\seleniumhq\selenium\selenium-ie-driver\3.141.59\selenium-ie-driver-3.141.59.jar;C:\Users\LENOVO\.m2\repository\org\seleniumhq\selenium\selenium-opera-driver\3.141.59\selenium-opera-driver-3.141.59.jar;C:\Users\LENOVO\.m2\repository\org\seleniumhq\selenium\selenium-remote-driver\3.141.59\selenium-remote-driver-3.141.59.jar;C:\Users\LENOVO\.m2\repository\org\seleniumhq\selenium\selenium-safari-driver\3.141.59\selenium-safari-driver-3.141.59.jar;C:\Users\LENOVO\.m2\repository\org\seleniumhq\selenium\selenium-support\3.141.59\selenium-support-3.141.59.jar;C:\Users\LENOVO\.m2\repository\net\bytebuddy\byte-buddy\1.8.15\byte-buddy-1.8.15.jar;C:\Users\LENOVO\.m2\repository\org\apache\commons\commons-exec\1.3\commons-exec-1.3.jar;C:\Users\LENOVO\.m2\repository\com\google\guava\guava\25.0-jre\guava-25.0-jre.jar;C:\Users\LENOVO\.m2\repository\com\google\code\findbugs\jsr305\1.3.9\jsr305-1.3.9.jar;C:\Users\LENOVO\.m2\repository\org\checkerframework\checker-compat-qual\2.0.0\checker-compat-qual-2.0.0.jar;C:\Users\LENOVO\.m2\repository\com\google\errorprone\error_prone_annotations\2.1.3\error_prone_annotations-2.1.3.jar;C:\Users\LENOVO\.m2\repository\com\google\j2objc\j2objc-annotations\1.1\j2objc-annotations-1.1.jar;C:\Users\LENOVO\.m2\repository\org\codehaus\mojo\animal-sni
Launcher Type: SUN_STANDARD

[Global flags]
     intx CICompilerCount                          = 4                                         {product} {ergonomic}
     uint ConcGCThreads                            = 2                                         {product} {ergonomic}
     uint G1ConcRefinementThreads                  = 8                                         {product} {ergonomic}
   size_t G1HeapRegionSize                         = 1048576                                   {product} {ergonomic}
    uintx GCDrainStackTargetSize                   = 64                                        {product} {ergonomic}
   size_t InitialHeapSize                          = 132120576                                 {product} {ergonomic}
   size_t MarkStackSize                            = 4194304                                   {product} {ergonomic}
   size_t MaxHeapSize                              = 2095054848                                {product} {ergonomic}
   size_t MaxNewSize                               = 1256194048                                {product} {ergonomic}
   size_t MinHeapDeltaBytes                        = 1048576                                   {product} {ergonomic}
   size_t MinHeapSize                              = 8388608                                   {product} {ergonomic}
    uintx NonNMethodCodeHeapSize                   = 5839372                                {pd product} {ergonomic}
    uintx NonProfiledCodeHeapSize                  = 122909434                              {pd product} {ergonomic}
    uintx ProfiledCodeHeapSize                     = 122909434                              {pd product} {ergonomic}
    uintx ReservedCodeCacheSize                    = 251658240                              {pd product} {ergonomic}
     bool SegmentedCodeCache                       = true                                      {product} {ergonomic}
     bool ShowCodeDetailsInExceptionMessages       = true                                   {manageable} {command line}
   size_t SoftMaxHeapSize                          = 2095054848                             {manageable} {ergonomic}
     bool UseCompressedClassPointers               = true                           {product lp64_product} {ergonomic}
     bool UseCompressedOops                        = true                           {product lp64_product} {ergonomic}
     bool UseG1GC                                  = true                                      {product} {ergonomic}
     bool UseLargePagesIndividualAllocation        = false                                  {pd product} {ergonomic}

Logging:
Log output configuration:
 #0: stdout all=warning uptime,level,tags
 #1: stderr all=off uptime,level,tags

Environment Variables:
PATH=C:\Users\LENOVO\Downloads\eclipse\plugins\org.eclipse.justj.openjdk.hotspot.jre.full.win32.x86_64_16.0.2.v20210721-1149\jre\bin;C:/Users/LENOVO/Downloads/eclipse//plugins/org.eclipse.justj.openjdk.hotspot.jre.full.win32.x86_64_16.0.2.v20210721-1149/jre/bin/server;C:/Users/LENOVO/Downloads/eclipse//plugins/org.eclipse.justj.openjdk.hotspot.jre.full.win32.x86_64_16.0.2.v20210721-1149/jre/bin;C:\WINDOWS\system32;C:\WINDOWS;C:\WINDOWS\System32\Wbem;C:\WINDOWS\System32\WindowsPowerShell\v1.0\;C:\WINDOWS\System32\OpenSSH\;C:\Users\LENOVO\AppData\Local\Microsoft\WindowsApps;;C:\Users\LENOVO\Downloads\eclipse;
USERNAME=LENOVO
OS=Windows_NT
PROCESSOR_IDENTIFIER=Intel64 Family 6 Model 140 Stepping 1, GenuineIntel



---------------  S Y S T E M  ---------------

OS:
 Windows 10 , 64 bit Build 19041 (10.0.19041.1202)
OS uptime: 0 days 11:15 hours

CPU: total 8 (initial active 8) (4 cores per cpu, 2 threads per core) family 6 model 140 stepping 1 microcode 0x86, cx8, cmov, fxsr, ht, mmx, 3dnowpref, sse, sse2, sse3, ssse3, sse4.1, sse4.2, popcnt, lzcnt, tsc, tscinvbit, avx, avx2, aes, erms, clmul, bmi1, bmi2, adx, avx512f, avx512dq, avx512cd, avx512bw, avx512vl, sha, fma, vzeroupper, avx512_vpopcntdq, avx512_vpclmulqdq, avx512_vaes, avx512_vnni, clflush, clflushopt, clwb, avx512_vmbi2, avx512_vmbi

Memory: 4k page, system-wide physical 7991M (999M free)
TotalPageFile size 17807M (AvailPageFile size 4826M)
current process WorkingSet (physical memory assigned to process): 132M, peak: 202M
current process commit charge ("private bytes"): 172M, peak: 292M

vm_info: OpenJDK 64-Bit Server VM (16.0.2+7-67) for windows-amd64 JRE (16.0.2+7-67), built on Jun  8 2021 23:21:43 by "mach5one" with MS VC++ 16.7 (VS2019)

END.
